# ── Original (factual, low uncertainty) ──────────────────────────────────────
Clocks
Automobile
Book
Eiffel Tower
Higgs boson
Julius Caesar
Spider-Man
Amazon rainforest
Antibiotics
Byzantine Empire
Climate change
French Revolution
Photosynthesis
Quantum computing
Renaissance
Silk Road
Vaccination

# ── Science & technology (medium uncertainty) ─────────────────────────────────
Artificial intelligence
Machine learning
CRISPR
mRNA vaccine
Nuclear fusion
Cryptocurrency
Blockchain
Social media
Gene therapy
Stem cell
Nanotechnology
Exoplanet
Black hole
Gravitational wave
Neuroplasticity
Epigenetics
Microbiome
Antibiotic resistance
Renewable energy
Electric vehicle

# ── Speculative & contested (high uncertainty) ────────────────────────────────
Dark matter
Dark energy
Consciousness
String theory
Artificial general intelligence
Origin of life
Fermi paradox
Many-worlds interpretation
Simulation hypothesis
Multiverse
Longevity
Transhumanism
Extraterrestrial life
Free will
Hard problem of consciousness
Quantum mind
Panpsychism
Economic inequality
Universal basic income
Climate engineering

# ── History & social (mixed uncertainty) ─────────────────────────────────────
Cold War
World War I
Roman Empire
Industrial Revolution
Space Race
Nuclear weapon
Colonialism
Globalization
Democracy
Human migration
Prehistoric art
Agricultural revolution
Black Death
Mongol Empire
Ottoman Empire
Scientific revolution
Age of Enlightenment
American Civil War
Russian Revolution
Decolonization
